INFO: [VRFC 10-2263] Analyzing SystemVerilog file "C:/Users/Leo/Documents/GitHub/tank1990/sprites/base/base.sv" into library xil_defaultlib
INFO: [VRFC 10-311] analyzing module base
INFO: [VRFC 10-2263] Analyzing SystemVerilog file "C:/Users/Leo/Documents/GitHub/tank1990/sprites/base/base_palette.sv" into library xil_defaultlib
INFO: [VRFC 10-311] analyzing module base_palette
INFO: [VRFC 10-2263] Analyzing SystemVerilog file "C:/Users/Leo/Documents/GitHub/tank1990/sprites/bricks/brick_map1.sv" into library xil_defaultlib
INFO: [VRFC 10-311] analyzing module brick
INFO: [VRFC 10-2263] Analyzing SystemVerilog file "C:/Users/Leo/Documents/GitHub/tank1990/sprites/bricks/brick_palette.sv" into library xil_defaultlib
INFO: [VRFC 10-311] analyzing module brick_palette
INFO: [VRFC 10-2263] Analyzing SystemVerilog file "C:/Users/Leo/Documents/GitHub/tank1990/tank1990.srcs/sources_1/imports/drive-download-20250428T170917Z-001/bullet_down.sv" into library xil_defaultlib
INFO: [VRFC 10-311] analyzing module bullet_down
INFO: [VRFC 10-2263] Analyzing SystemVerilog file "C:/Users/Leo/Documents/GitHub/tank1990/sprites/bullet_down/bullet_down_palette.sv" into library xil_defaultlib
INFO: [VRFC 10-311] analyzing module bullet_down_palette
INFO: [VRFC 10-2263] Analyzing SystemVerilog file "C:/Users/Leo/Documents/GitHub/tank1990/tank1990.srcs/sources_1/imports/drive-download-20250428T170917Z-001/bullet_left.sv" into library xil_defaultlib
INFO: [VRFC 10-311] analyzing module bullet_left
INFO: [VRFC 10-2263] Analyzing SystemVerilog file "C:/Users/Leo/Documents/GitHub/tank1990/sprites/bullet_left/bullet_left_palette.sv" into library xil_defaultlib
INFO: [VRFC 10-311] analyzing module bullet_left_palette
INFO: [VRFC 10-2263] Analyzing SystemVerilog file "C:/Users/Leo/Documents/GitHub/tank1990/tank1990.srcs/sources_1/imports/drive-download-20250428T170917Z-001/bullet_right.sv" into library xil_defaultlib
INFO: [VRFC 10-311] analyzing module bullet_right
INFO: [VRFC 10-2263] Analyzing SystemVerilog file "C:/Users/Leo/Documents/GitHub/tank1990/sprites/bullet_right/bullet_right_palette.sv" into library xil_defaultlib
INFO: [VRFC 10-311] analyzing module bullet_right_palette
INFO: [VRFC 10-2263] Analyzing SystemVerilog file "C:/Users/Leo/Documents/GitHub/tank1990/tank1990.srcs/sources_1/imports/drive-download-20250428T170917Z-001/bullet_up.sv" into library xil_defaultlib
INFO: [VRFC 10-311] analyzing module bullet_up
INFO: [VRFC 10-2263] Analyzing SystemVerilog file "C:/Users/Leo/Documents/GitHub/tank1990/sprites/bullet_up/bullet_up_palette.sv" into library xil_defaultlib
INFO: [VRFC 10-311] analyzing module bullet_up_palette
INFO: [VRFC 10-2263] Analyzing SystemVerilog file "C:/Users/Leo/Documents/GitHub/tank1990/tank1990.srcs/sources_1/new/color_picker.sv" into library xil_defaultlib
INFO: [VRFC 10-311] analyzing module color_picker
WARNING: [VRFC 10-9336] redeclaration of ANSI port 'vsync' is not allowed [C:/Users/Leo/Documents/GitHub/tank1990/tank1990.srcs/sources_1/new/color_picker.sv:36]
WARNING: [VRFC 10-9336] redeclaration of ANSI port 'keycode' is not allowed [C:/Users/Leo/Documents/GitHub/tank1990/tank1990.srcs/sources_1/new/color_picker.sv:40]
WARNING: [VRFC 10-3380] identifier 'bullet_y' is used before its declaration [C:/Users/Leo/Documents/GitHub/tank1990/tank1990.srcs/sources_1/new/color_picker.sv:87]
WARNING: [VRFC 10-3380] identifier 'bullet_x' is used before its declaration [C:/Users/Leo/Documents/GitHub/tank1990/tank1990.srcs/sources_1/new/color_picker.sv:88]
WARNING: [VRFC 10-3380] identifier 'bullet_y' is used before its declaration [C:/Users/Leo/Documents/GitHub/tank1990/tank1990.srcs/sources_1/new/color_picker.sv:90]
WARNING: [VRFC 10-3380] identifier 'bullet_x' is used before its declaration [C:/Users/Leo/Documents/GitHub/tank1990/tank1990.srcs/sources_1/new/color_picker.sv:91]
INFO: [VRFC 10-2263] Analyzing SystemVerilog file "C:/Users/Leo/Documents/GitHub/tank1990/level_1_map.sv" into library xil_defaultlib
INFO: [VRFC 10-311] analyzing module level_one
INFO: [VRFC 10-2263] Analyzing SystemVerilog file "C:/Users/Leo/Documents/GitHub/tank1990/sprites/tank.sv" into library xil_defaultlib
INFO: [VRFC 10-311] analyzing module tank
WARNING: [VRFC 10-3248] data object 'tank_col0' is already declared [C:/Users/Leo/Documents/GitHub/tank1990/sprites/tank.sv:94]
WARNING: [VRFC 10-9364] second declaration of 'tank_col0' is ignored [C:/Users/Leo/Documents/GitHub/tank1990/sprites/tank.sv:94]
WARNING: [VRFC 10-3248] data object 'tank_row0' is already declared [C:/Users/Leo/Documents/GitHub/tank1990/sprites/tank.sv:95]
WARNING: [VRFC 10-9364] second declaration of 'tank_row0' is ignored [C:/Users/Leo/Documents/GitHub/tank1990/sprites/tank.sv:95]
INFO: [VRFC 10-2263] Analyzing SystemVerilog file "C:/Users/Leo/Documents/GitHub/tank1990/sprites/tank_down/tank_down.sv" into library xil_defaultlib
INFO: [VRFC 10-311] analyzing module tank_down
INFO: [VRFC 10-2263] Analyzing SystemVerilog file "C:/Users/Leo/Documents/GitHub/tank1990/sprites/tank_down/tank_down_palette.sv" into library xil_defaultlib
INFO: [VRFC 10-311] analyzing module tank_down_palette
INFO: [VRFC 10-2263] Analyzing SystemVerilog file "C:/Users/Leo/Documents/GitHub/tank1990/sprites/tank_left/tank_left.sv" into library xil_defaultlib
INFO: [VRFC 10-311] analyzing module tank_left
INFO: [VRFC 10-2263] Analyzing SystemVerilog file "C:/Users/Leo/Documents/GitHub/tank1990/sprites/tank_left/tank_left_palette.sv" into library xil_defaultlib
INFO: [VRFC 10-311] analyzing module tank_left_palette
INFO: [VRFC 10-2263] Analyzing SystemVerilog file "C:/Users/Leo/Documents/GitHub/tank1990/sprites/tank_right/tank_right.sv" into library xil_defaultlib
INFO: [VRFC 10-311] analyzing module tank_right
INFO: [VRFC 10-2263] Analyzing SystemVerilog file "C:/Users/Leo/Documents/GitHub/tank1990/sprites/tank_right/tank_right_palette.sv" into library xil_defaultlib
INFO: [VRFC 10-311] analyzing module tank_right_palette
INFO: [VRFC 10-2263] Analyzing SystemVerilog file "C:/Users/Leo/Documents/GitHub/tank1990/sprites/tank_top_level.sv" into library xil_defaultlib
INFO: [VRFC 10-311] analyzing module tank_top_level
INFO: [VRFC 10-2263] Analyzing SystemVerilog file "C:/Users/Leo/Documents/GitHub/tank1990/sprites/tank_up/tank_up.sv" into library xil_defaultlib
INFO: [VRFC 10-311] analyzing module tank_up
INFO: [VRFC 10-2263] Analyzing SystemVerilog file "C:/Users/Leo/Documents/GitHub/tank1990/sprites/tank_up/tank_up_palette.sv" into library xil_defaultlib
INFO: [VRFC 10-311] analyzing module tank_up_palette
INFO: [VRFC 10-2263] Analyzing SystemVerilog file "C:/Users/Leo/Documents/GitHub/tank1990/tank1990.srcs/sim_1/new/testbench.sv" into library xil_defaultlib
INFO: [VRFC 10-311] analyzing module color_picker_tb
