Vivado Simulator v2022.2
Copyright 1986-1999, 2001-2022 Xilinx, Inc. All Rights Reserved.
Running: C:/Xilinx/Vivado/2022.2/bin/unwrapped/win64.o/xelab.exe --incr --debug typical --relax --mt 2 -L xil_defaultlib -L blk_mem_gen_v8_4_5 -L uvm -L unisims_ver -L unimacro_ver -L secureip -L xpm --snapshot color_picker_tb_behav xil_defaultlib.color_picker_tb xil_defaultlib.glbl -log elaborate.log 
Using 2 slave threads.
Starting static elaboration
Pass Through NonSizing Optimizer
WARNING: [VRFC 10-3091] actual bit length 4 differs from formal bit length 2 for port 'douta' [C:/Users/Leo/Documents/GitHub/tank1990/sprites/bricks/brick_map1.sv:56]
WARNING: [VRFC 10-3091] actual bit length 4 differs from formal bit length 2 for port 'index' [C:/Users/Leo/Documents/GitHub/tank1990/sprites/bricks/brick_map1.sv:60]
WARNING: [VRFC 10-5021] port 'keycode' is not connected on this instance [C:/Users/Leo/Documents/GitHub/tank1990/tank1990.srcs/sources_1/new/color_picker.sv:259]
WARNING: [VRFC 10-5021] port 'wea' is not connected on this instance [C:/Users/Leo/Documents/GitHub/tank1990/sprites/tank_left/tank_left.sv:9]
WARNING: [VRFC 10-5021] port 'wea' is not connected on this instance [C:/Users/Leo/Documents/GitHub/tank1990/sprites/tank_right/tank_right.sv:9]
WARNING: [VRFC 10-5021] port 'wea' is not connected on this instance [C:/Users/Leo/Documents/GitHub/tank1990/sprites/tank_up/tank_up.sv:9]
WARNING: [VRFC 10-5021] port 'wea' is not connected on this instance [C:/Users/Leo/Documents/GitHub/tank1990/sprites/tank_down/tank_down.sv:9]
WARNING: [VRFC 10-5021] port 'wea' is not connected on this instance [C:/Users/Leo/Documents/GitHub/tank1990/tank1990.srcs/sources_1/imports/drive-download-20250428T170917Z-001/bullet_up.sv:9]
WARNING: [VRFC 10-5021] port 'wea' is not connected on this instance [C:/Users/Leo/Documents/GitHub/tank1990/tank1990.srcs/sources_1/imports/drive-download-20250428T170917Z-001/bullet_down.sv:9]
WARNING: [VRFC 10-5021] port 'wea' is not connected on this instance [C:/Users/Leo/Documents/GitHub/tank1990/tank1990.srcs/sources_1/imports/drive-download-20250428T170917Z-001/bullet_left.sv:9]
WARNING: [VRFC 10-5021] port 'wea' is not connected on this instance [C:/Users/Leo/Documents/GitHub/tank1990/tank1990.srcs/sources_1/imports/drive-download-20250428T170917Z-001/bullet_right.sv:9]
WARNING: [VRFC 10-5021] port 'wea' is not connected on this instance [C:/Users/Leo/Documents/GitHub/tank1990/sprites/bricks/brick_map1.sv:53]
WARNING: [VRFC 10-5021] port 'wea' is not connected on this instance [C:/Users/Leo/Documents/GitHub/tank1990/sprites/base/base.sv:50]
Completed static elaboration
INFO: [XSIM 43-4323] No Change in HDL. Linking previously generated obj files to create kernel
