
*** Running vivado
    with args -log brick_rom.vds -m64 -product Vivado -mode batch -messageDb vivado.pb -notrace -source brick_rom.tcl



****** Vivado v2022.2 (64-bit)
  **** SW Build 3671981 on Fri Oct 14 05:00:03 MDT 2022
  **** IP Build 3669848 on Fri Oct 14 08:30:02 MDT 2022
    ** Copyright 1986-2022 Xilinx, Inc. All Rights Reserved.

source brick_rom.tcl -notrace
create_project: Time (s): cpu = 00:00:13 ; elapsed = 00:00:14 . Memory (MB): peak = 373.387 ; gain = 46.152
INFO: [IP_Flow 19-234] Refreshing IP repositories
WARNING: [IP_Flow 19-2248] Failed to load user IP repository 'c:/Users/Leo/Documents/GitHub/ECE385_provided/RD_hdmi_ip2020'; Can't find the specified path.
If this directory should no longer be in your list of user repositories, go to the IP Settings dialog and remove it.
INFO: [IP_Flow 19-2313] Loaded Vivado IP repository 'C:/Xilinx/Vivado/2022.2/data/ip'.
INFO: [IP_Flow 19-6924] IPCACHE: Running cache check for IP inst: brick_rom
INFO: [IP_Flow 19-6922] IPCACHE: Exporting cached entry a2b2d7ab0f34e18a to dir: C:/Users/Leo/Documents/GitHub/tank1990/tank1990.runs/brick_rom_synth_1
INFO: [IP_Flow 19-6928] IPCACHE: copied cached file c:/Users/Leo/Documents/GitHub/tank1990/tank1990.cache/ip/2022.2/a/2/a2b2d7ab0f34e18a/brick_rom.dcp to C:/Users/Leo/Documents/GitHub/tank1990/tank1990.runs/brick_rom_synth_1/brick_rom.dcp.
INFO: [IP_Flow 19-6928] IPCACHE: copied cached file c:/Users/Leo/Documents/GitHub/tank1990/tank1990.cache/ip/2022.2/a/2/a2b2d7ab0f34e18a/brick_rom_sim_netlist.v to C:/Users/Leo/Documents/GitHub/tank1990/tank1990.runs/brick_rom_synth_1/brick_rom_sim_netlist.v.
INFO: [IP_Flow 19-6928] IPCACHE: copied cached file c:/Users/Leo/Documents/GitHub/tank1990/tank1990.cache/ip/2022.2/a/2/a2b2d7ab0f34e18a/brick_rom_sim_netlist.vhdl to C:/Users/Leo/Documents/GitHub/tank1990/tank1990.runs/brick_rom_synth_1/brick_rom_sim_netlist.vhdl.
INFO: [IP_Flow 19-6928] IPCACHE: copied cached file c:/Users/Leo/Documents/GitHub/tank1990/tank1990.cache/ip/2022.2/a/2/a2b2d7ab0f34e18a/brick_rom_stub.v to C:/Users/Leo/Documents/GitHub/tank1990/tank1990.runs/brick_rom_synth_1/brick_rom_stub.v.
INFO: [IP_Flow 19-6928] IPCACHE: copied cached file c:/Users/Leo/Documents/GitHub/tank1990/tank1990.cache/ip/2022.2/a/2/a2b2d7ab0f34e18a/brick_rom_stub.vhdl to C:/Users/Leo/Documents/GitHub/tank1990/tank1990.runs/brick_rom_synth_1/brick_rom_stub.vhdl.
INFO: [IP_Flow 19-4838] Using cached IP synthesis design for IP brick_rom, cache-ID = a2b2d7ab0f34e18a.
INFO: [Common 17-206] Exiting Vivado at Sun May  4 16:39:34 2025...
