
*** Running vivado
    with args -log tank_left_rom.vds -m64 -product Vivado -mode batch -messageDb vivado.pb -notrace -source tank_left_rom.tcl



****** Vivado v2022.2 (64-bit)
  **** SW Build 3671981 on Fri Oct 14 05:00:03 MDT 2022
  **** IP Build 3669848 on Fri Oct 14 08:30:02 MDT 2022
    ** Copyright 1986-2022 Xilinx, Inc. All Rights Reserved.

source tank_left_rom.tcl -notrace
create_project: Time (s): cpu = 00:00:06 ; elapsed = 00:00:06 . Memory (MB): peak = 372.066 ; gain = 41.262
INFO: [IP_Flow 19-234] Refreshing IP repositories
INFO: [IP_Flow 19-1700] Loaded user IP repository 'c:/Users/flyin/Desktop/ECE_385/ECE385_provided/RD_hdmi_ip2020'.
INFO: [IP_Flow 19-2313] Loaded Vivado IP repository 'C:/Xilinx/Vivado/2022.2/data/ip'.
INFO: [IP_Flow 19-6924] IPCACHE: Running cache check for IP inst: tank_left_rom
INFO: [IP_Flow 19-6922] IPCACHE: Exporting cached entry 0bd7af164c923d57 to dir: C:/Users/flyin/Desktop/ECE_385/tank1990/tank1990.runs/tank_left_rom_synth_1
INFO: [IP_Flow 19-6928] IPCACHE: copied cached file c:/Users/flyin/Desktop/ECE_385/tank1990/tank1990.cache/ip/2022.2/0/b/0bd7af164c923d57/tank_left_rom.dcp to C:/Users/flyin/Desktop/ECE_385/tank1990/tank1990.runs/tank_left_rom_synth_1/tank_left_rom.dcp.
INFO: [IP_Flow 19-6928] IPCACHE: copied cached file c:/Users/flyin/Desktop/ECE_385/tank1990/tank1990.cache/ip/2022.2/0/b/0bd7af164c923d57/tank_left_rom_sim_netlist.v to C:/Users/flyin/Desktop/ECE_385/tank1990/tank1990.runs/tank_left_rom_synth_1/tank_left_rom_sim_netlist.v.
INFO: [IP_Flow 19-6928] IPCACHE: copied cached file c:/Users/flyin/Desktop/ECE_385/tank1990/tank1990.cache/ip/2022.2/0/b/0bd7af164c923d57/tank_left_rom_sim_netlist.vhdl to C:/Users/flyin/Desktop/ECE_385/tank1990/tank1990.runs/tank_left_rom_synth_1/tank_left_rom_sim_netlist.vhdl.
INFO: [IP_Flow 19-6928] IPCACHE: copied cached file c:/Users/flyin/Desktop/ECE_385/tank1990/tank1990.cache/ip/2022.2/0/b/0bd7af164c923d57/tank_left_rom_stub.v to C:/Users/flyin/Desktop/ECE_385/tank1990/tank1990.runs/tank_left_rom_synth_1/tank_left_rom_stub.v.
INFO: [IP_Flow 19-6928] IPCACHE: copied cached file c:/Users/flyin/Desktop/ECE_385/tank1990/tank1990.cache/ip/2022.2/0/b/0bd7af164c923d57/tank_left_rom_stub.vhdl to C:/Users/flyin/Desktop/ECE_385/tank1990/tank1990.runs/tank_left_rom_synth_1/tank_left_rom_stub.vhdl.
INFO: [IP_Flow 19-4838] Using cached IP synthesis design for IP tank_left_rom, cache-ID = 0bd7af164c923d57.
INFO: [Common 17-206] Exiting Vivado at Thu May  8 23:29:35 2025...
